<?xml version="1.0" encoding="UTF-8"?>
<testsuite xmlns:xsi="http://www.w3.org/2001/XMLSchema-instance" xsi:noNamespaceSchemaLocation="https://maven.apache.org/surefire/maven-surefire-plugin/xsd/surefire-test-report.xsd" name="TestSuite" time="20.856" tests="23" errors="0" skipped="0" failures="0">
  <properties>
    <property name="sun.desktop" value="windows"/>
    <property name="awt.toolkit" value="sun.awt.windows.WToolkit"/>
    <property name="file.encoding.pkg" value="sun.io"/>
    <property name="java.specification.version" value="1.8"/>
    <property name="sun.cpu.isalist" value="amd64"/>
    <property name="sun.jnu.encoding" value="Cp1252"/>
    <property name="java.class.path" value="F:\TestNGWorkspace\TestNGDemoApplicationWithExcelData\target\test-classes;F:\TestNGWorkspace\TestNGDemoApplicationWithExcelData\target\classes;C:\Users\User\.m2\repository\org\springframework\boot\spring-boot-starter-web\2.1.8.RELEASE\spring-boot-starter-web-2.1.8.RELEASE.jar;C:\Users\User\.m2\repository\org\springframework\boot\spring-boot-starter\2.1.8.RELEASE\spring-boot-starter-2.1.8.RELEASE.jar;C:\Users\User\.m2\repository\org\springframework\boot\spring-boot-starter-logging\2.1.8.RELEASE\spring-boot-starter-logging-2.1.8.RELEASE.jar;C:\Users\User\.m2\repository\ch\qos\logback\logback-classic\1.2.3\logback-classic-1.2.3.jar;C:\Users\User\.m2\repository\ch\qos\logback\logback-core\1.2.3\logback-core-1.2.3.jar;C:\Users\User\.m2\repository\org\apache\logging\log4j\log4j-to-slf4j\2.11.2\log4j-to-slf4j-2.11.2.jar;C:\Users\User\.m2\repository\org\apache\logging\log4j\log4j-api\2.11.2\log4j-api-2.11.2.jar;C:\Users\User\.m2\repository\org\slf4j\jul-to-slf4j\1.7.28\jul-to-slf4j-1.7.28.jar;C:\Users\User\.m2\repository\javax\annotation\javax.annotation-api\1.3.2\javax.annotation-api-1.3.2.jar;C:\Users\User\.m2\repository\org\springframework\boot\spring-boot-starter-json\2.1.8.RELEASE\spring-boot-starter-json-2.1.8.RELEASE.jar;C:\Users\User\.m2\repository\com\fasterxml\jackson\datatype\jackson-datatype-jdk8\2.9.9\jackson-datatype-jdk8-2.9.9.jar;C:\Users\User\.m2\repository\com\fasterxml\jackson\datatype\jackson-datatype-jsr310\2.9.9\jackson-datatype-jsr310-2.9.9.jar;C:\Users\User\.m2\repository\com\fasterxml\jackson\module\jackson-module-parameter-names\2.9.9\jackson-module-parameter-names-2.9.9.jar;C:\Users\User\.m2\repository\org\springframework\boot\spring-boot-starter-tomcat\2.1.8.RELEASE\spring-boot-starter-tomcat-2.1.8.RELEASE.jar;C:\Users\User\.m2\repository\org\apache\tomcat\embed\tomcat-embed-core\9.0.24\tomcat-embed-core-9.0.24.jar;C:\Users\User\.m2\repository\org\apache\tomcat\embed\tomcat-embed-el\9.0.24\tomcat-embed-el-9.0.24.jar;C:\Users\User\.m2\repository\org\apache\tomcat\embed\tomcat-embed-websocket\9.0.24\tomcat-embed-websocket-9.0.24.jar;C:\Users\User\.m2\repository\org\hibernate\validator\hibernate-validator\6.0.17.Final\hibernate-validator-6.0.17.Final.jar;C:\Users\User\.m2\repository\javax\validation\validation-api\2.0.1.Final\validation-api-2.0.1.Final.jar;C:\Users\User\.m2\repository\org\jboss\logging\jboss-logging\3.3.3.Final\jboss-logging-3.3.3.Final.jar;C:\Users\User\.m2\repository\org\springframework\spring-web\5.1.9.RELEASE\spring-web-5.1.9.RELEASE.jar;C:\Users\User\.m2\repository\org\springframework\spring-beans\5.1.9.RELEASE\spring-beans-5.1.9.RELEASE.jar;C:\Users\User\.m2\repository\org\springframework\spring-webmvc\5.1.9.RELEASE\spring-webmvc-5.1.9.RELEASE.jar;C:\Users\User\.m2\repository\org\springframework\spring-aop\5.1.9.RELEASE\spring-aop-5.1.9.RELEASE.jar;C:\Users\User\.m2\repository\org\springframework\spring-context\5.1.9.RELEASE\spring-context-5.1.9.RELEASE.jar;C:\Users\User\.m2\repository\org\springframework\spring-expression\5.1.9.RELEASE\spring-expression-5.1.9.RELEASE.jar;C:\Users\User\.m2\repository\org\springframework\boot\spring-boot-devtools\2.1.8.RELEASE\spring-boot-devtools-2.1.8.RELEASE.jar;C:\Users\User\.m2\repository\org\springframework\boot\spring-boot\2.1.8.RELEASE\spring-boot-2.1.8.RELEASE.jar;C:\Users\User\.m2\repository\org\springframework\boot\spring-boot-autoconfigure\2.1.8.RELEASE\spring-boot-autoconfigure-2.1.8.RELEASE.jar;C:\Users\User\.m2\repository\org\springframework\boot\spring-boot-starter-test\2.1.8.RELEASE\spring-boot-starter-test-2.1.8.RELEASE.jar;C:\Users\User\.m2\repository\org\springframework\boot\spring-boot-test\2.1.8.RELEASE\spring-boot-test-2.1.8.RELEASE.jar;C:\Users\User\.m2\repository\org\springframework\boot\spring-boot-test-autoconfigure\2.1.8.RELEASE\spring-boot-test-autoconfigure-2.1.8.RELEASE.jar;C:\Users\User\.m2\repository\com\jayway\jsonpath\json-path\2.4.0\json-path-2.4.0.jar;C:\Users\User\.m2\repository\net\minidev\json-smart\2.3\json-smart-2.3.jar;C:\Users\User\.m2\repository\net\minidev\accessors-smart\1.2\accessors-smart-1.2.jar;C:\Users\User\.m2\repository\org\ow2\asm\asm\5.0.4\asm-5.0.4.jar;C:\Users\User\.m2\repository\junit\junit\4.12\junit-4.12.jar;C:\Users\User\.m2\repository\org\assertj\assertj-core\3.11.1\assertj-core-3.11.1.jar;C:\Users\User\.m2\repository\org\mockito\mockito-core\2.23.4\mockito-core-2.23.4.jar;C:\Users\User\.m2\repository\net\bytebuddy\byte-buddy\1.9.16\byte-buddy-1.9.16.jar;C:\Users\User\.m2\repository\net\bytebuddy\byte-buddy-agent\1.9.16\byte-buddy-agent-1.9.16.jar;C:\Users\User\.m2\repository\org\objenesis\objenesis\2.6\objenesis-2.6.jar;C:\Users\User\.m2\repository\org\hamcrest\hamcrest-core\1.3\hamcrest-core-1.3.jar;C:\Users\User\.m2\repository\org\hamcrest\hamcrest-library\1.3\hamcrest-library-1.3.jar;C:\Users\User\.m2\repository\org\skyscreamer\jsonassert\1.5.0\jsonassert-1.5.0.jar;C:\Users\User\.m2\repository\com\vaadin\external\google\android-json\0.0.20131108.vaadin1\android-json-0.0.20131108.vaadin1.jar;C:\Users\User\.m2\repository\org\springframework\spring-core\5.1.9.RELEASE\spring-core-5.1.9.RELEASE.jar;C:\Users\User\.m2\repository\org\springframework\spring-jcl\5.1.9.RELEASE\spring-jcl-5.1.9.RELEASE.jar;C:\Users\User\.m2\repository\org\springframework\spring-test\5.1.9.RELEASE\spring-test-5.1.9.RELEASE.jar;C:\Users\User\.m2\repository\org\xmlunit\xmlunit-core\2.6.3\xmlunit-core-2.6.3.jar;C:\Users\User\.m2\repository\org\apache\poi\poi-ooxml\3.15\poi-ooxml-3.15.jar;C:\Users\User\.m2\repository\org\apache\poi\poi\3.15\poi-3.15.jar;C:\Users\User\.m2\repository\commons-codec\commons-codec\1.11\commons-codec-1.11.jar;C:\Users\User\.m2\repository\org\apache\commons\commons-collections4\4.1\commons-collections4-4.1.jar;C:\Users\User\.m2\repository\org\apache\poi\poi-ooxml-schemas\3.15\poi-ooxml-schemas-3.15.jar;C:\Users\User\.m2\repository\org\apache\xmlbeans\xmlbeans\2.6.0\xmlbeans-2.6.0.jar;C:\Users\User\.m2\repository\stax\stax-api\1.0.1\stax-api-1.0.1.jar;C:\Users\User\.m2\repository\com\github\virtuald\curvesapi\1.04\curvesapi-1.04.jar;C:\Users\User\.m2\repository\io\springfox\springfox-swagger2\2.8.0\springfox-swagger2-2.8.0.jar;C:\Users\User\.m2\repository\io\swagger\swagger-annotations\1.5.14\swagger-annotations-1.5.14.jar;C:\Users\User\.m2\repository\io\swagger\swagger-models\1.5.14\swagger-models-1.5.14.jar;C:\Users\User\.m2\repository\io\springfox\springfox-spi\2.8.0\springfox-spi-2.8.0.jar;C:\Users\User\.m2\repository\io\springfox\springfox-core\2.8.0\springfox-core-2.8.0.jar;C:\Users\User\.m2\repository\io\springfox\springfox-schema\2.8.0\springfox-schema-2.8.0.jar;C:\Users\User\.m2\repository\io\springfox\springfox-swagger-common\2.8.0\springfox-swagger-common-2.8.0.jar;C:\Users\User\.m2\repository\io\springfox\springfox-spring-web\2.8.0\springfox-spring-web-2.8.0.jar;C:\Users\User\.m2\repository\org\reflections\reflections\0.9.11\reflections-0.9.11.jar;C:\Users\User\.m2\repository\org\javassist\javassist\3.21.0-GA\javassist-3.21.0-GA.jar;C:\Users\User\.m2\repository\com\google\guava\guava\20.0\guava-20.0.jar;C:\Users\User\.m2\repository\com\fasterxml\classmate\1.4.0\classmate-1.4.0.jar;C:\Users\User\.m2\repository\org\slf4j\slf4j-api\1.7.28\slf4j-api-1.7.28.jar;C:\Users\User\.m2\repository\org\springframework\plugin\spring-plugin-core\1.2.0.RELEASE\spring-plugin-core-1.2.0.RELEASE.jar;C:\Users\User\.m2\repository\org\springframework\plugin\spring-plugin-metadata\1.2.0.RELEASE\spring-plugin-metadata-1.2.0.RELEASE.jar;C:\Users\User\.m2\repository\org\mapstruct\mapstruct\1.2.0.Final\mapstruct-1.2.0.Final.jar;C:\Users\User\.m2\repository\io\springfox\springfox-swagger-ui\2.8.0\springfox-swagger-ui-2.8.0.jar;C:\Users\User\.m2\repository\com\fasterxml\jackson\core\jackson-databind\2.9.9.3\jackson-databind-2.9.9.3.jar;C:\Users\User\.m2\repository\com\fasterxml\jackson\core\jackson-annotations\2.9.0\jackson-annotations-2.9.0.jar;C:\Users\User\.m2\repository\com\fasterxml\jackson\core\jackson-core\2.9.9\jackson-core-2.9.9.jar;C:\Users\User\.m2\repository\javax\xml\bind\jaxb-api\2.1\jaxb-api-2.1.jar;C:\Users\User\.m2\repository\javax\xml\stream\stax-api\1.0-2\stax-api-1.0-2.jar;C:\Users\User\.m2\repository\javax\activation\activation\1.1\activation-1.1.jar;C:\Users\User\.m2\repository\org\testng\testng\7.1.0\testng-7.1.0.jar;C:\Users\User\.m2\repository\com\beust\jcommander\1.72\jcommander-1.72.jar;C:\Users\User\.m2\repository\com\google\inject\guice\4.1.0\guice-4.1.0-no_aop.jar;C:\Users\User\.m2\repository\javax\inject\javax.inject\1\javax.inject-1.jar;C:\Users\User\.m2\repository\aopalliance\aopalliance\1.0\aopalliance-1.0.jar;C:\Users\User\.m2\repository\org\yaml\snakeyaml\1.23\snakeyaml-1.23.jar;C:\Users\User\.m2\repository\com\googlecode\json-simple\json-simple\1.1.1\json-simple-1.1.1.jar;"/>
    <property name="java.vm.vendor" value="Oracle Corporation"/>
    <property name="sun.arch.data.model" value="64"/>
    <property name="user.variant" value=""/>
    <property name="java.vendor.url" value="http://java.oracle.com/"/>
    <property name="user.timezone" value="Asia/Calcutta"/>
    <property name="java.vm.specification.version" value="1.8"/>
    <property name="os.name" value="Windows 8.1"/>
    <property name="user.country" value="IN"/>
    <property name="sun.java.launcher" value="SUN_STANDARD"/>
    <property name="sun.boot.library.path" value="C:\Program Files\Java\jdk1.8.0_40\jre\bin"/>
    <property name="sun.java.command" value="C:\Users\User\AppData\Local\Temp\surefire3927145312362085988\surefirebooter2129722077822120964.jar C:\Users\User\AppData\Local\Temp\surefire3927145312362085988 2020-04-23T14-06-32_843-jvmRun1 surefire3429465552218925643tmp surefire_01800935493133499398tmp"/>
    <property name="surefire.test.class.path" value="F:\TestNGWorkspace\TestNGDemoApplicationWithExcelData\target\test-classes;F:\TestNGWorkspace\TestNGDemoApplicationWithExcelData\target\classes;C:\Users\User\.m2\repository\org\springframework\boot\spring-boot-starter-web\2.1.8.RELEASE\spring-boot-starter-web-2.1.8.RELEASE.jar;C:\Users\User\.m2\repository\org\springframework\boot\spring-boot-starter\2.1.8.RELEASE\spring-boot-starter-2.1.8.RELEASE.jar;C:\Users\User\.m2\repository\org\springframework\boot\spring-boot-starter-logging\2.1.8.RELEASE\spring-boot-starter-logging-2.1.8.RELEASE.jar;C:\Users\User\.m2\repository\ch\qos\logback\logback-classic\1.2.3\logback-classic-1.2.3.jar;C:\Users\User\.m2\repository\ch\qos\logback\logback-core\1.2.3\logback-core-1.2.3.jar;C:\Users\User\.m2\repository\org\apache\logging\log4j\log4j-to-slf4j\2.11.2\log4j-to-slf4j-2.11.2.jar;C:\Users\User\.m2\repository\org\apache\logging\log4j\log4j-api\2.11.2\log4j-api-2.11.2.jar;C:\Users\User\.m2\repository\org\slf4j\jul-to-slf4j\1.7.28\jul-to-slf4j-1.7.28.jar;C:\Users\User\.m2\repository\javax\annotation\javax.annotation-api\1.3.2\javax.annotation-api-1.3.2.jar;C:\Users\User\.m2\repository\org\springframework\boot\spring-boot-starter-json\2.1.8.RELEASE\spring-boot-starter-json-2.1.8.RELEASE.jar;C:\Users\User\.m2\repository\com\fasterxml\jackson\datatype\jackson-datatype-jdk8\2.9.9\jackson-datatype-jdk8-2.9.9.jar;C:\Users\User\.m2\repository\com\fasterxml\jackson\datatype\jackson-datatype-jsr310\2.9.9\jackson-datatype-jsr310-2.9.9.jar;C:\Users\User\.m2\repository\com\fasterxml\jackson\module\jackson-module-parameter-names\2.9.9\jackson-module-parameter-names-2.9.9.jar;C:\Users\User\.m2\repository\org\springframework\boot\spring-boot-starter-tomcat\2.1.8.RELEASE\spring-boot-starter-tomcat-2.1.8.RELEASE.jar;C:\Users\User\.m2\repository\org\apache\tomcat\embed\tomcat-embed-core\9.0.24\tomcat-embed-core-9.0.24.jar;C:\Users\User\.m2\repository\org\apache\tomcat\embed\tomcat-embed-el\9.0.24\tomcat-embed-el-9.0.24.jar;C:\Users\User\.m2\repository\org\apache\tomcat\embed\tomcat-embed-websocket\9.0.24\tomcat-embed-websocket-9.0.24.jar;C:\Users\User\.m2\repository\org\hibernate\validator\hibernate-validator\6.0.17.Final\hibernate-validator-6.0.17.Final.jar;C:\Users\User\.m2\repository\javax\validation\validation-api\2.0.1.Final\validation-api-2.0.1.Final.jar;C:\Users\User\.m2\repository\org\jboss\logging\jboss-logging\3.3.3.Final\jboss-logging-3.3.3.Final.jar;C:\Users\User\.m2\repository\org\springframework\spring-web\5.1.9.RELEASE\spring-web-5.1.9.RELEASE.jar;C:\Users\User\.m2\repository\org\springframework\spring-beans\5.1.9.RELEASE\spring-beans-5.1.9.RELEASE.jar;C:\Users\User\.m2\repository\org\springframework\spring-webmvc\5.1.9.RELEASE\spring-webmvc-5.1.9.RELEASE.jar;C:\Users\User\.m2\repository\org\springframework\spring-aop\5.1.9.RELEASE\spring-aop-5.1.9.RELEASE.jar;C:\Users\User\.m2\repository\org\springframework\spring-context\5.1.9.RELEASE\spring-context-5.1.9.RELEASE.jar;C:\Users\User\.m2\repository\org\springframework\spring-expression\5.1.9.RELEASE\spring-expression-5.1.9.RELEASE.jar;C:\Users\User\.m2\repository\org\springframework\boot\spring-boot-devtools\2.1.8.RELEASE\spring-boot-devtools-2.1.8.RELEASE.jar;C:\Users\User\.m2\repository\org\springframework\boot\spring-boot\2.1.8.RELEASE\spring-boot-2.1.8.RELEASE.jar;C:\Users\User\.m2\repository\org\springframework\boot\spring-boot-autoconfigure\2.1.8.RELEASE\spring-boot-autoconfigure-2.1.8.RELEASE.jar;C:\Users\User\.m2\repository\org\springframework\boot\spring-boot-starter-test\2.1.8.RELEASE\spring-boot-starter-test-2.1.8.RELEASE.jar;C:\Users\User\.m2\repository\org\springframework\boot\spring-boot-test\2.1.8.RELEASE\spring-boot-test-2.1.8.RELEASE.jar;C:\Users\User\.m2\repository\org\springframework\boot\spring-boot-test-autoconfigure\2.1.8.RELEASE\spring-boot-test-autoconfigure-2.1.8.RELEASE.jar;C:\Users\User\.m2\repository\com\jayway\jsonpath\json-path\2.4.0\json-path-2.4.0.jar;C:\Users\User\.m2\repository\net\minidev\json-smart\2.3\json-smart-2.3.jar;C:\Users\User\.m2\repository\net\minidev\accessors-smart\1.2\accessors-smart-1.2.jar;C:\Users\User\.m2\repository\org\ow2\asm\asm\5.0.4\asm-5.0.4.jar;C:\Users\User\.m2\repository\junit\junit\4.12\junit-4.12.jar;C:\Users\User\.m2\repository\org\assertj\assertj-core\3.11.1\assertj-core-3.11.1.jar;C:\Users\User\.m2\repository\org\mockito\mockito-core\2.23.4\mockito-core-2.23.4.jar;C:\Users\User\.m2\repository\net\bytebuddy\byte-buddy\1.9.16\byte-buddy-1.9.16.jar;C:\Users\User\.m2\repository\net\bytebuddy\byte-buddy-agent\1.9.16\byte-buddy-agent-1.9.16.jar;C:\Users\User\.m2\repository\org\objenesis\objenesis\2.6\objenesis-2.6.jar;C:\Users\User\.m2\repository\org\hamcrest\hamcrest-core\1.3\hamcrest-core-1.3.jar;C:\Users\User\.m2\repository\org\hamcrest\hamcrest-library\1.3\hamcrest-library-1.3.jar;C:\Users\User\.m2\repository\org\skyscreamer\jsonassert\1.5.0\jsonassert-1.5.0.jar;C:\Users\User\.m2\repository\com\vaadin\external\google\android-json\0.0.20131108.vaadin1\android-json-0.0.20131108.vaadin1.jar;C:\Users\User\.m2\repository\org\springframework\spring-core\5.1.9.RELEASE\spring-core-5.1.9.RELEASE.jar;C:\Users\User\.m2\repository\org\springframework\spring-jcl\5.1.9.RELEASE\spring-jcl-5.1.9.RELEASE.jar;C:\Users\User\.m2\repository\org\springframework\spring-test\5.1.9.RELEASE\spring-test-5.1.9.RELEASE.jar;C:\Users\User\.m2\repository\org\xmlunit\xmlunit-core\2.6.3\xmlunit-core-2.6.3.jar;C:\Users\User\.m2\repository\org\apache\poi\poi-ooxml\3.15\poi-ooxml-3.15.jar;C:\Users\User\.m2\repository\org\apache\poi\poi\3.15\poi-3.15.jar;C:\Users\User\.m2\repository\commons-codec\commons-codec\1.11\commons-codec-1.11.jar;C:\Users\User\.m2\repository\org\apache\commons\commons-collections4\4.1\commons-collections4-4.1.jar;C:\Users\User\.m2\repository\org\apache\poi\poi-ooxml-schemas\3.15\poi-ooxml-schemas-3.15.jar;C:\Users\User\.m2\repository\org\apache\xmlbeans\xmlbeans\2.6.0\xmlbeans-2.6.0.jar;C:\Users\User\.m2\repository\stax\stax-api\1.0.1\stax-api-1.0.1.jar;C:\Users\User\.m2\repository\com\github\virtuald\curvesapi\1.04\curvesapi-1.04.jar;C:\Users\User\.m2\repository\io\springfox\springfox-swagger2\2.8.0\springfox-swagger2-2.8.0.jar;C:\Users\User\.m2\repository\io\swagger\swagger-annotations\1.5.14\swagger-annotations-1.5.14.jar;C:\Users\User\.m2\repository\io\swagger\swagger-models\1.5.14\swagger-models-1.5.14.jar;C:\Users\User\.m2\repository\io\springfox\springfox-spi\2.8.0\springfox-spi-2.8.0.jar;C:\Users\User\.m2\repository\io\springfox\springfox-core\2.8.0\springfox-core-2.8.0.jar;C:\Users\User\.m2\repository\io\springfox\springfox-schema\2.8.0\springfox-schema-2.8.0.jar;C:\Users\User\.m2\repository\io\springfox\springfox-swagger-common\2.8.0\springfox-swagger-common-2.8.0.jar;C:\Users\User\.m2\repository\io\springfox\springfox-spring-web\2.8.0\springfox-spring-web-2.8.0.jar;C:\Users\User\.m2\repository\org\reflections\reflections\0.9.11\reflections-0.9.11.jar;C:\Users\User\.m2\repository\org\javassist\javassist\3.21.0-GA\javassist-3.21.0-GA.jar;C:\Users\User\.m2\repository\com\google\guava\guava\20.0\guava-20.0.jar;C:\Users\User\.m2\repository\com\fasterxml\classmate\1.4.0\classmate-1.4.0.jar;C:\Users\User\.m2\repository\org\slf4j\slf4j-api\1.7.28\slf4j-api-1.7.28.jar;C:\Users\User\.m2\repository\org\springframework\plugin\spring-plugin-core\1.2.0.RELEASE\spring-plugin-core-1.2.0.RELEASE.jar;C:\Users\User\.m2\repository\org\springframework\plugin\spring-plugin-metadata\1.2.0.RELEASE\spring-plugin-metadata-1.2.0.RELEASE.jar;C:\Users\User\.m2\repository\org\mapstruct\mapstruct\1.2.0.Final\mapstruct-1.2.0.Final.jar;C:\Users\User\.m2\repository\io\springfox\springfox-swagger-ui\2.8.0\springfox-swagger-ui-2.8.0.jar;C:\Users\User\.m2\repository\com\fasterxml\jackson\core\jackson-databind\2.9.9.3\jackson-databind-2.9.9.3.jar;C:\Users\User\.m2\repository\com\fasterxml\jackson\core\jackson-annotations\2.9.0\jackson-annotations-2.9.0.jar;C:\Users\User\.m2\repository\com\fasterxml\jackson\core\jackson-core\2.9.9\jackson-core-2.9.9.jar;C:\Users\User\.m2\repository\javax\xml\bind\jaxb-api\2.1\jaxb-api-2.1.jar;C:\Users\User\.m2\repository\javax\xml\stream\stax-api\1.0-2\stax-api-1.0-2.jar;C:\Users\User\.m2\repository\javax\activation\activation\1.1\activation-1.1.jar;C:\Users\User\.m2\repository\org\testng\testng\7.1.0\testng-7.1.0.jar;C:\Users\User\.m2\repository\com\beust\jcommander\1.72\jcommander-1.72.jar;C:\Users\User\.m2\repository\com\google\inject\guice\4.1.0\guice-4.1.0-no_aop.jar;C:\Users\User\.m2\repository\javax\inject\javax.inject\1\javax.inject-1.jar;C:\Users\User\.m2\repository\aopalliance\aopalliance\1.0\aopalliance-1.0.jar;C:\Users\User\.m2\repository\org\yaml\snakeyaml\1.23\snakeyaml-1.23.jar;C:\Users\User\.m2\repository\com\googlecode\json-simple\json-simple\1.1.1\json-simple-1.1.1.jar;"/>
    <property name="sun.cpu.endian" value="little"/>
    <property name="user.home" value="C:\Users\User"/>
    <property name="user.language" value="en"/>
    <property name="java.specification.vendor" value="Oracle Corporation"/>
    <property name="java.home" value="C:\Program Files\Java\jdk1.8.0_40\jre"/>
    <property name="basedir" value="F:\TestNGWorkspace\TestNGDemoApplicationWithExcelData"/>
    <property name="file.separator" value="\"/>
    <property name="line.separator" value="&#10;"/>
    <property name="java.vm.specification.vendor" value="Oracle Corporation"/>
    <property name="java.specification.name" value="Java Platform API Specification"/>
    <property name="java.awt.graphicsenv" value="sun.awt.Win32GraphicsEnvironment"/>
    <property name="surefire.real.class.path" value="C:\Users\User\AppData\Local\Temp\surefire3927145312362085988\surefirebooter2129722077822120964.jar;C:\\Users\\User\\.m2\\repository\\org\\jacoco\\org.jacoco.agent\\0.8.4\\org.jacoco.agent-0.8.4-runtime.jar"/>
    <property name="sun.boot.class.path" value="C:\Program Files\Java\jdk1.8.0_40\jre\lib\resources.jar;C:\Program Files\Java\jdk1.8.0_40\jre\lib\rt.jar;C:\Program Files\Java\jdk1.8.0_40\jre\lib\sunrsasign.jar;C:\Program Files\Java\jdk1.8.0_40\jre\lib\jsse.jar;C:\Program Files\Java\jdk1.8.0_40\jre\lib\jce.jar;C:\Program Files\Java\jdk1.8.0_40\jre\lib\charsets.jar;C:\Program Files\Java\jdk1.8.0_40\jre\lib\jfr.jar;C:\Program Files\Java\jdk1.8.0_40\jre\classes"/>
    <property name="user.script" value=""/>
    <property name="sun.management.compiler" value="HotSpot 64-Bit Tiered Compilers"/>
    <property name="java.runtime.version" value="1.8.0_40-b25"/>
    <property name="user.name" value="User"/>
    <property name="path.separator" value=";"/>
    <property name="os.version" value="6.3"/>
    <property name="java.endorsed.dirs" value="C:\Program Files\Java\jdk1.8.0_40\jre\lib\endorsed"/>
    <property name="java.runtime.name" value="Java(TM) SE Runtime Environment"/>
    <property name="file.encoding" value="Cp1252"/>
    <property name="java.vm.name" value="Java HotSpot(TM) 64-Bit Server VM"/>
    <property name="localRepository" value="C:\Users\User\.m2\repository"/>
    <property name="java.vendor.url.bug" value="http://bugreport.sun.com/bugreport/"/>
    <property name="java.io.tmpdir" value="C:\Users\User\AppData\Local\Temp\"/>
    <property name="java.version" value="1.8.0_40"/>
    <property name="user.dir" value="F:\TestNGWorkspace\TestNGDemoApplicationWithExcelData"/>
    <property name="os.arch" value="amd64"/>
    <property name="java.vm.specification.name" value="Java Virtual Machine Specification"/>
    <property name="java.awt.printerjob" value="sun.awt.windows.WPrinterJob"/>
    <property name="sun.os.patch.level" value=""/>
    <property name="java.library.path" value="C:\Program Files\Java\jdk1.8.0_40\jre\bin;C:\windows\Sun\Java\bin;C:\windows\system32;C:\windows;C:/Program Files/Java/jdk1.8.0_40/bin/../jre/bin/server;C:/Program Files/Java/jdk1.8.0_40/bin/../jre/bin;C:/Program Files/Java/jdk1.8.0_40/bin/../jre/lib/amd64;C:\Program Files\Java\jdk1.8.0_40\bin;C:\Program Files (x86)\MySQL\MySQL Server 5.0\bin;C:\Program Files\Git\cmd;C:\Program Files\MongoDB\Server\4.2\bin;C:\Program Files\nodejs\;C:\Users\User\AppData\Roaming\npm;C:\Users\User\AppData\Local\Programs\Microsoft VS Code\bin;C:\Users\User\Desktop;;."/>
    <property name="java.vm.info" value="mixed mode"/>
    <property name="java.vendor" value="Oracle Corporation"/>
    <property name="java.vm.version" value="25.40-b25"/>
    <property name="java.ext.dirs" value="C:\Program Files\Java\jdk1.8.0_40\jre\lib\ext;C:\windows\Sun\Java\lib\ext"/>
    <property name="sun.io.unicode.encoding" value="UnicodeLittle"/>
    <property name="java.class.version" value="52.0"/>
  </properties>
  <testcase name="loginTest on loginTest(com.cts.controller.AuthControllerTest)" classname="com.cts.controller.AuthControllerTest" time="0.594"/>
  <testcase name="createUserTest on createUserTest(com.cts.controller.AuthControllerTest)" classname="com.cts.controller.AuthControllerTest" time="0.012"/>
  <testcase name="testCreateStudentSuccess on testCreateStudentSuccess(com.cts.controller.StudentControllerTest)" classname="com.cts.controller.StudentControllerTest" time="0.04"/>
  <testcase name="handleInternalServerExceptionTest on handleInternalServerExceptionTest(com.cts.exception.CustomExceptionHandlerTest)" classname="com.cts.exception.CustomExceptionHandlerTest" time="0.012"/>
  <testcase name="handleAllExceptionTest on handleAllExceptionTest(com.cts.exception.CustomExceptionHandlerTest)" classname="com.cts.exception.CustomExceptionHandlerTest" time="0.003"/>
  <testcase name="handleRecordNotFoundExceptionTest on handleRecordNotFoundExceptionTest(com.cts.exception.CustomExceptionHandlerTest)" classname="com.cts.exception.CustomExceptionHandlerTest" time="0.004"/>
  <testcase name="methodArgumentNotValidTest on methodArgumentNotValidTest(com.cts.exception.CustomExceptionHandlerTest)" classname="com.cts.exception.CustomExceptionHandlerTest" time="0.008"/>
  <testcase name="errorResponsetest on errorResponsetest(com.cts.exception.ErrorResponseTest)" classname="com.cts.exception.ErrorResponseTest" time="0.002"/>
  <testcase name="test on test(com.cts.exception.InternalServerErrorTest)" classname="com.cts.exception.InternalServerErrorTest" time="0.003"/>
  <testcase name="test on test(com.cts.exception.RecordNotFoundExceptionTest)" classname="com.cts.exception.RecordNotFoundExceptionTest" time="0.002"/>
  <testcase name="loginTest on loginTest(com.cts.repository.AuthRepositoryTest)" classname="com.cts.repository.AuthRepositoryTest" time="0.005"/>
  <testcase name="createUserTest on createUserTest(com.cts.repository.AuthRepositoryTest)" classname="com.cts.repository.AuthRepositoryTest" time="0.003"/>
  <testcase name="loginTestFailure on loginTestFailure(com.cts.repository.AuthRepositoryTest)" classname="com.cts.repository.AuthRepositoryTest" time="0.007"/>
  <testcase name="loginTest on loginTest(com.cts.service.AuthServiceTest)" classname="com.cts.service.AuthServiceTest" time="0.004"/>
  <testcase name="createUserTest on createUserTest(com.cts.service.AuthServiceTest)" classname="com.cts.service.AuthServiceTest" time="0.004"/>
  <testcase name="contextLoads on contextLoads(com.cts.ShoppingcartApplicationTest)" classname="com.cts.ShoppingcartApplicationTest" time="0.003"/>
  <testcase name="writeExcel on writeExcel(com.cts.util.RWExcelFileAuthTest)" classname="com.cts.util.RWExcelFileAuthTest" time="2.14"/>
  <testcase name="readExcelTest on readExcelTest(com.cts.util.RWExcelFileAuthTest)" classname="com.cts.util.RWExcelFileAuthTest" time="0.063"/>
  <testcase name="writeExcelException on writeExcelException(com.cts.util.RWExcelFileAuthTest)" classname="com.cts.util.RWExcelFileAuthTest" time="0.002"/>
  <testcase name="readExcelTestElse on readExcelTestElse(com.cts.util.RWExcelFileAuthTest)" classname="com.cts.util.RWExcelFileAuthTest" time="0.045"/>
  <testcase name="readExcelTestException on readExcelTestException(com.cts.util.RWExcelFileAuthTest)" classname="com.cts.util.RWExcelFileAuthTest" time="0"/>
  <testcase name="readExcelTest on readExcelTest(com.cts.util.RWExcelFileTest)" classname="com.cts.util.RWExcelFileTest" time="0.123"/>
  <testcase name="writeExcelTest on writeExcelTest(com.cts.util.RWExcelFileTest)" classname="com.cts.util.RWExcelFileTest" time="0.256"/>
</testsuite>