<?xml version="1.0" encoding="UTF-8"?>
<!-- Generated by org.testng.reporters.JUnitReportReporter -->
<testsuite skipped="0" hostname="Lenovo-PC" name="com.cts.ShoppingcartApplicationTest" tests="1" failures="0" timestamp="2020-04-23T14:06:59 IST" time="1.636" errors="0">
  <testcase name="contextLoads" time="1.636" classname="com.cts.ShoppingcartApplicationTest"/>
  <system-out/>
</testsuite> <!-- com.cts.ShoppingcartApplicationTest -->
