<?xml version="1.0" encoding="UTF-8"?>
<!-- Generated by org.testng.reporters.JUnitReportReporter -->
<testsuite skipped="0" hostname="Lenovo-PC" name="com.cts.repository.AuthRepositoryTest" tests="3" failures="0" timestamp="2020-04-23T14:06:59 IST" time="0.121" errors="0">
  <testcase name="loginTestFailure" time="0.049" classname="com.cts.repository.AuthRepositoryTest"/>
  <system-out/>
  <testcase name="loginTest" time="0.033" classname="com.cts.repository.AuthRepositoryTest"/>
  <system-out/>
  <testcase name="createUserTest" time="0.039" classname="com.cts.repository.AuthRepositoryTest"/>
  <system-out/>
</testsuite> <!-- com.cts.repository.AuthRepositoryTest -->
