<?xml version="1.0" encoding="UTF-8"?>
<!-- Generated by org.testng.reporters.JUnitReportReporter -->
<testsuite skipped="0" hostname="Lenovo-PC" name="com.cts.exception.ErrorResponseTest" tests="1" failures="0" timestamp="2020-04-23T14:06:59 IST" time="0.006" errors="0">
  <testcase name="errorResponsetest" time="0.006" classname="com.cts.exception.ErrorResponseTest"/>
  <system-out/>
</testsuite> <!-- com.cts.exception.ErrorResponseTest -->
