<?xml version="1.0" encoding="UTF-8"?>
<!-- Generated by org.testng.reporters.JUnitReportReporter -->
<testsuite skipped="0" hostname="Lenovo-PC" name="com.cts.controller.AuthControllerTest" tests="2" failures="0" timestamp="2020-04-23T14:06:59 IST" time="19.274" errors="0">
  <testcase name="createUserTest" time="9.642" classname="com.cts.controller.AuthControllerTest"/>
  <system-out/>
  <testcase name="loginTest" time="9.632" classname="com.cts.controller.AuthControllerTest"/>
  <system-out/>
</testsuite> <!-- com.cts.controller.AuthControllerTest -->
