<?xml version="1.0" encoding="UTF-8"?>
<!-- Generated by org.testng.reporters.JUnitReportReporter -->
<testsuite skipped="0" hostname="Lenovo-PC" name="com.cts.controller.StudentControllerTest" tests="1" failures="0" timestamp="2020-04-23T14:06:59 IST" time="2.659" errors="0">
  <testcase name="testCreateStudentSuccess" time="2.659" classname="com.cts.controller.StudentControllerTest"/>
  <system-out/>
</testsuite> <!-- com.cts.controller.StudentControllerTest -->
