<?xml version="1.0" encoding="UTF-8"?>
<!-- Generated by org.testng.reporters.JUnitReportReporter -->
<testsuite skipped="0" hostname="Lenovo-PC" name="com.cts.util.RWExcelFileAuthTest" tests="5" failures="0" timestamp="2020-04-23T14:06:59 IST" time="11.056" errors="0">
  <testcase name="readExcelTest" time="2.204" classname="com.cts.util.RWExcelFileAuthTest"/>
  <system-out/>
  <testcase name="readExcelTestException" time="2.251" classname="com.cts.util.RWExcelFileAuthTest"/>
  <system-out/>
  <testcase name="readExcelTestElse" time="2.248" classname="com.cts.util.RWExcelFileAuthTest"/>
  <system-out/>
  <testcase name="writeExcel" time="2.143" classname="com.cts.util.RWExcelFileAuthTest"/>
  <system-out/>
  <testcase name="writeExcelException" time="2.210" classname="com.cts.util.RWExcelFileAuthTest"/>
  <system-out/>
</testsuite> <!-- com.cts.util.RWExcelFileAuthTest -->
