<?xml version="1.0" encoding="UTF-8"?>
<!-- Generated by org.testng.reporters.JUnitReportReporter -->
<testsuite skipped="0" hostname="Lenovo-PC" name="com.cts.util.RWExcelFileTest" tests="2" failures="0" timestamp="2020-04-23T14:06:59 IST" time="0.536" errors="0">
  <testcase name="readExcelTest" time="0.140" classname="com.cts.util.RWExcelFileTest"/>
  <system-out/>
  <testcase name="writeExcelTest" time="0.396" classname="com.cts.util.RWExcelFileTest"/>
  <system-out/>
</testsuite> <!-- com.cts.util.RWExcelFileTest -->
