<?xml version="1.0" encoding="UTF-8"?>
<!-- Generated by org.testng.reporters.JUnitReportReporter -->
<testsuite skipped="0" hostname="Lenovo-PC" name="com.cts.ft.AuthFunctionalTesting" tests="1" failures="0" timestamp="2020-04-24T21:20:46 IST" time="3.144" errors="0">
  <testcase name="testLogin" time="3.144" classname="com.cts.ft.AuthFunctionalTesting"/>
  <system-out/>
</testsuite> <!-- com.cts.ft.AuthFunctionalTesting -->
